<?xml version="1.0" encoding="UTF-8"?>
<!-- Generated by org.testng.reporters.JUnitReportReporter -->
<testsuite hostname="rgmacedo-K53SC" name="com.yahoo.ycsb.workloads.TestCoreWorkload" tests="2" failures="0" timestamp="28 Oct 2016 13:40:17 GMT" time="0.004" errors="0">
  <testcase name="createOperationChooser" time="0.004" classname="com.yahoo.ycsb.workloads.TestCoreWorkload"/>
  <testcase name="createOperationChooserNullProperties" time="0.000" classname="com.yahoo.ycsb.workloads.TestCoreWorkload"/>
</testsuite>
