<?xml version="1.0" encoding="UTF-8"?>
<!-- Generated by org.testng.reporters.JUnitReportReporter -->
<testsuite hostname="rgmacedo-K53SC" name="com.yahoo.ycsb.TestUtils" tests="6" failures="0" timestamp="31 Oct 2016 14:28:19 GMT" time="0.004" errors="0">
  <testcase name="jvmUtils" time="0.003" classname="com.yahoo.ycsb.TestUtils"/>
  <testcase name="bytesToFromLong" time="0.000" classname="com.yahoo.ycsb.TestUtils"/>
  <testcase name="bytesToLongNull" time="0.001" classname="com.yahoo.ycsb.TestUtils"/>
  <testcase name="bytesToLongTooShort" time="0.000" classname="com.yahoo.ycsb.TestUtils"/>
  <testcase name="bytesToDoubleTooShort" time="0.000" classname="com.yahoo.ycsb.TestUtils"/>
  <testcase name="bytesToFromDouble" time="0.000" classname="com.yahoo.ycsb.TestUtils"/>
</testsuite>
