<?xml version="1.0" encoding="UTF-8"?>
<!-- Generated by org.testng.reporters.JUnitReportReporter -->
<testsuite hostname="rgmacedo-K53SC" name="com.yahoo.ycsb.generator.TestIncrementingPrintableStringGenerator" tests="6" failures="0" timestamp="31 Oct 2016 11:40:08 GMT" time="0.002" errors="0">
  <testcase name="invalidLengths" time="0.000" classname="com.yahoo.ycsb.generator.TestIncrementingPrintableStringGenerator"/>
  <testcase name="rolloverOneCharacterOK" time="0.000" classname="com.yahoo.ycsb.generator.TestIncrementingPrintableStringGenerator"/>
  <testcase name="invalidCharacterSets" time="0.001" classname="com.yahoo.ycsb.generator.TestIncrementingPrintableStringGenerator"/>
  <testcase name="rolloverOneCharacterException" time="0.000" classname="com.yahoo.ycsb.generator.TestIncrementingPrintableStringGenerator"/>
  <testcase name="rolloverOK" time="0.000" classname="com.yahoo.ycsb.generator.TestIncrementingPrintableStringGenerator"/>
  <testcase name="rolloverException" time="0.001" classname="com.yahoo.ycsb.generator.TestIncrementingPrintableStringGenerator"/>
</testsuite>
