<?xml version="1.0" encoding="UTF-8"?>
<!-- Generated by org.testng.reporters.JUnitReportReporter -->
<testsuite hostname="rgmacedo-K53SC" name="com.yahoo.ycsb.TestByteIterator" tests="1" failures="0" timestamp="28 Oct 2016 13:40:17 GMT" time="0.064" errors="0">
  <testcase name="testRandomByteIterator" time="0.064" classname="com.yahoo.ycsb.TestByteIterator"/>
</testsuite>
