<?xml version="1.0" encoding="UTF-8"?>
<!-- Generated by org.testng.reporters.JUnitReportReporter -->
<testsuite hostname="rgmacedo-K53SC" name="com.yahoo.ycsb.generator.TestZipfianGenerator" tests="1" failures="0" timestamp="31 Oct 2016 14:28:19 GMT" time="0.006" errors="0">
  <testcase name="testMinAndMaxParameter" time="0.006" classname="com.yahoo.ycsb.generator.TestZipfianGenerator"/>
</testsuite>
