<?xml version="1.0" encoding="UTF-8"?>
<!-- Generated by org.testng.reporters.JUnitReportReporter -->
<testsuite hostname="rgmacedo-K53SC" name="com.yahoo.ycsb.generator.AcknowledgedCounterGeneratorTest" tests="1" failures="0" timestamp="3 Nov 2016 12:38:19 GMT" time="0.615" errors="0">
  <testcase name="testIncrementPastIntegerMaxValue" time="0.615" classname="com.yahoo.ycsb.generator.AcknowledgedCounterGeneratorTest"/>
</testsuite>
