<?xml version="1.0" encoding="UTF-8"?>
<!-- Generated by org.testng.reporters.JUnitReportReporter -->
<testsuite hostname="rgmacedo-K53SC" name="com.yahoo.ycsb.TestByteIterator" tests="1" failures="0" timestamp="4 Nov 2016 15:45:44 GMT" time="0.008" errors="0">
  <testcase name="testRandomByteIterator" time="0.008" classname="com.yahoo.ycsb.TestByteIterator"/>
</testsuite>
