<?xml version="1.0" encoding="UTF-8"?>
<!-- Generated by org.testng.reporters.JUnitReportReporter -->
<testsuite hostname="rgmacedo-K53SC" name="com.yahoo.ycsb.TestStatus" tests="1" failures="0" timestamp="4 Nov 2016 15:45:44 GMT" time="0.003" errors="0">
  <testcase name="testAcceptableStatus" time="0.003" classname="com.yahoo.ycsb.TestStatus"/>
</testsuite>
