<?xml version="1.0" encoding="UTF-8"?>
<!-- Generated by org.testng.reporters.JUnitReportReporter -->
<testsuite hostname="rgmacedo-K53SC" name="com.yahoo.ycsb.TestStatus" tests="1" failures="0" timestamp="31 Oct 2016 09:18:13 GMT" time="0.004" errors="0">
  <testcase name="testAcceptableStatus" time="0.004" classname="com.yahoo.ycsb.TestStatus"/>
</testsuite>
