<?xml version="1.0" encoding="UTF-8"?>
<!-- Generated by org.testng.reporters.JUnitReportReporter -->
<testsuite hostname="rgmacedo-K53SC" name="com.yahoo.ycsb.generator.AcknowledgedCounterGeneratorTest" tests="1" failures="0" timestamp="31 Oct 2016 11:14:13 GMT" time="0.559" errors="0">
  <testcase name="testIncrementPastIntegerMaxValue" time="0.559" classname="com.yahoo.ycsb.generator.AcknowledgedCounterGeneratorTest"/>
</testsuite>
