<?xml version="1.0" encoding="UTF-8"?>
<!-- Generated by org.testng.reporters.JUnitReportReporter -->
<testsuite hostname="rgmacedo-K53SC" name="com.yahoo.ycsb.TestByteIterator" tests="1" failures="0" timestamp="31 Oct 2016 11:40:08 GMT" time="0.009" errors="0">
  <testcase name="testRandomByteIterator" time="0.009" classname="com.yahoo.ycsb.TestByteIterator"/>
</testsuite>
