<?xml version="1.0" encoding="UTF-8"?>
<!-- Generated by org.testng.reporters.JUnitReportReporter -->
<testsuite hostname="rgmacedo-K53SC" name="com.yahoo.ycsb.workloads.TestCoreWorkload" tests="2" failures="0" timestamp="4 Nov 2016 15:45:44 GMT" time="0.174" errors="0">
  <testcase name="createOperationChooser" time="0.173" classname="com.yahoo.ycsb.workloads.TestCoreWorkload"/>
  <testcase name="createOperationChooserNullProperties" time="0.001" classname="com.yahoo.ycsb.workloads.TestCoreWorkload"/>
</testsuite>
