<?xml version="1.0" encoding="UTF-8"?>
<!-- Generated by org.testng.reporters.JUnitReportReporter -->
<testsuite hostname="rgmacedo-K53SC" name="com.yahoo.ycsb.workloads.TestCoreWorkload" tests="2" failures="0" timestamp="31 Oct 2016 09:18:13 GMT" time="0.006" errors="0">
  <testcase name="createOperationChooser" time="0.006" classname="com.yahoo.ycsb.workloads.TestCoreWorkload"/>
  <testcase name="createOperationChooserNullProperties" time="0.000" classname="com.yahoo.ycsb.workloads.TestCoreWorkload"/>
</testsuite>
