<?xml version="1.0" encoding="UTF-8" ?>
<testsuite tests="4" failures="0" name="com.yahoo.ycsb.db.CassandraCQLClientTest" time="113.514" errors="0" skipped="0">
  <properties>
    <property name="jna.platform.library.path" value="/usr/lib/x86_64-linux-gnu:/lib/x86_64-linux-gnu:/lib64:/usr/lib:/lib"/>
    <property name="java.runtime.name" value="Java(TM) SE Runtime Environment"/>
    <property name="sun.boot.library.path" value="/usr/lib/jvm/java-8-oracle/jre/lib/amd64"/>
    <property name="java.vm.version" value="25.101-b13"/>
    <property name="java.vm.vendor" value="Oracle Corporation"/>
    <property name="java.vendor.url" value="http://java.oracle.com/"/>
    <property name="path.separator" value=":"/>
    <property name="java.vm.name" value="Java HotSpot(TM) 64-Bit Server VM"/>
    <property name="file.encoding.pkg" value="sun.io"/>
    <property name="user.country" value="US"/>
    <property name="sun.java.launcher" value="SUN_STANDARD"/>
    <property name="sun.os.patch.level" value="unknown"/>
    <property name="java.vm.specification.name" value="Java Virtual Machine Specification"/>
    <property name="user.dir" value="/home/rgmacedo/Dropbox/Master_Thesis/Sample_Code/YCSB/cassandra"/>
    <property name="java.runtime.version" value="1.8.0_101-b13"/>
    <property name="java.awt.graphicsenv" value="sun.awt.X11GraphicsEnvironment"/>
    <property name="basedir" value="/home/rgmacedo/Dropbox/Master_Thesis/Sample_Code/YCSB/cassandra"/>
    <property name="java.endorsed.dirs" value="/usr/lib/jvm/java-8-oracle/jre/lib/endorsed"/>
    <property name="os.arch" value="amd64"/>
    <property name="surefire.real.class.path" value="/home/rgmacedo/Dropbox/Master_Thesis/Sample_Code/YCSB/cassandra/target/surefire/surefirebooter732618536797344319.jar"/>
    <property name="java.io.tmpdir" value="/tmp"/>
    <property name="line.separator" value="
"/>
    <property name="cassandra.native.epoll.enabled" value="false"/>
    <property name="java.vm.specification.vendor" value="Oracle Corporation"/>
    <property name="os.name" value="Linux"/>
    <property name="log4j.configuration" value="file:target/embeddedCassandra/log4j-embedded-cassandra.properties"/>
    <property name="sun.jnu.encoding" value="UTF-8"/>
    <property name="jnidispatch.path" value="/tmp/jna-1248689782/jna1634330940581127141.tmp"/>
    <property name="java.library.path" value="/home/rgmacedo/Dropbox/Master_Thesis/Sample_Code/YCSB/cassandra/target/cassandra-dependency/hyperic-sigar-1.6.4/sigar-bin/lib"/>
    <property name="surefire.test.class.path" value="/home/rgmacedo/Dropbox/Master_Thesis/Sample_Code/YCSB/cassandra/target/test-classes:/home/rgmacedo/Dropbox/Master_Thesis/Sample_Code/YCSB/cassandra/target/classes:/home/rgmacedo/.m2/repository/com/datastax/cassandra/cassandra-driver-core/3.0.0/cassandra-driver-core-3.0.0.jar:/home/rgmacedo/.m2/repository/io/netty/netty-handler/4.0.33.Final/netty-handler-4.0.33.Final.jar:/home/rgmacedo/.m2/repository/io/netty/netty-buffer/4.0.33.Final/netty-buffer-4.0.33.Final.jar:/home/rgmacedo/.m2/repository/io/netty/netty-common/4.0.33.Final/netty-common-4.0.33.Final.jar:/home/rgmacedo/.m2/repository/io/netty/netty-transport/4.0.33.Final/netty-transport-4.0.33.Final.jar:/home/rgmacedo/.m2/repository/io/netty/netty-codec/4.0.33.Final/netty-codec-4.0.33.Final.jar:/home/rgmacedo/.m2/repository/com/google/guava/guava/16.0.1/guava-16.0.1.jar:/home/rgmacedo/.m2/repository/io/dropwizard/metrics/metrics-core/3.1.2/metrics-core-3.1.2.jar:/home/rgmacedo/Dropbox/Master_Thesis/Sample_Code/YCSB/core/target/core-0.12.0-SNAPSHOT.jar:/home/rgmacedo/.m2/repository/org/apache/htrace/htrace-core4/4.1.0-incubating/htrace-core4-4.1.0-incubating.jar:/home/rgmacedo/.m2/repository/org/codehaus/jackson/jackson-mapper-asl/1.9.4/jackson-mapper-asl-1.9.4.jar:/home/rgmacedo/.m2/repository/org/codehaus/jackson/jackson-core-asl/1.9.4/jackson-core-asl-1.9.4.jar:/home/rgmacedo/.m2/repository/org/hdrhistogram/HdrHistogram/2.1.4/HdrHistogram-2.1.4.jar:/home/rgmacedo/.m2/repository/org/cassandraunit/cassandra-unit/3.0.0.1/cassandra-unit-3.0.0.1-shaded.jar:/home/rgmacedo/.m2/repository/org/apache/cassandra/cassandra-all/3.4/cassandra-all-3.4.jar:/home/rgmacedo/.m2/repository/org/xerial/snappy/snappy-java/1.1.1.7/snappy-java-1.1.1.7.jar:/home/rgmacedo/.m2/repository/net/jpountz/lz4/lz4/1.3.0/lz4-1.3.0.jar:/home/rgmacedo/.m2/repository/com/ning/compress-lzf/0.8.4/compress-lzf-0.8.4.jar:/home/rgmacedo/.m2/repository/commons-cli/commons-cli/1.1/commons-cli-1.1.jar:/home/rgmacedo/.m2/repository/commons-codec/commons-codec/1.2/commons-codec-1.2.jar:/home/rgmacedo/.m2/repository/org/apache/commons/commons-math3/3.2/commons-math3-3.2.jar:/home/rgmacedo/.m2/repository/com/googlecode/concurrentlinkedhashmap/concurrentlinkedhashmap-lru/1.4/concurrentlinkedhashmap-lru-1.4.jar:/home/rgmacedo/.m2/repository/org/antlr/antlr/3.5.2/antlr-3.5.2.jar:/home/rgmacedo/.m2/repository/org/antlr/ST4/4.0.8/ST4-4.0.8.jar:/home/rgmacedo/.m2/repository/org/antlr/antlr-runtime/3.5.2/antlr-runtime-3.5.2.jar:/home/rgmacedo/.m2/repository/org/slf4j/jcl-over-slf4j/1.7.7/jcl-over-slf4j-1.7.7.jar:/home/rgmacedo/.m2/repository/com/googlecode/json-simple/json-simple/1.1/json-simple-1.1.jar:/home/rgmacedo/.m2/repository/com/boundary/high-scale-lib/1.0.6/high-scale-lib-1.0.6.jar:/home/rgmacedo/.m2/repository/org/yaml/snakeyaml/1.11/snakeyaml-1.11.jar:/home/rgmacedo/.m2/repository/org/mindrot/jbcrypt/0.3m/jbcrypt-0.3m.jar:/home/rgmacedo/.m2/repository/com/addthis/metrics/reporter-config3/3.0.0/reporter-config3-3.0.0.jar:/home/rgmacedo/.m2/repository/com/addthis/metrics/reporter-config-base/3.0.0/reporter-config-base-3.0.0.jar:/home/rgmacedo/.m2/repository/com/thinkaurelius/thrift/thrift-server/0.3.7/thrift-server-0.3.7.jar:/home/rgmacedo/.m2/repository/com/lmax/disruptor/3.0.1/disruptor-3.0.1.jar:/home/rgmacedo/.m2/repository/com/clearspring/analytics/stream/2.5.2/stream-2.5.2.jar:/home/rgmacedo/.m2/repository/it/unimi/dsi/fastutil/6.5.7/fastutil-6.5.7.jar:/home/rgmacedo/.m2/repository/org/apache/thrift/libthrift/0.9.2/libthrift-0.9.2.jar:/home/rgmacedo/.m2/repository/org/apache/cassandra/cassandra-thrift/3.4/cassandra-thrift-3.4.jar:/home/rgmacedo/.m2/repository/com/carrotsearch/hppc/0.5.4/hppc-0.5.4.jar:/home/rgmacedo/.m2/repository/de/jflex/jflex/1.6.0/jflex-1.6.0.jar:/home/rgmacedo/.m2/repository/org/apache/ant/ant/1.7.0/ant-1.7.0.jar:/home/rgmacedo/.m2/repository/org/apache/ant/ant-launcher/1.7.0/ant-launcher-1.7.0.jar:/home/rgmacedo/.m2/repository/net/mintern/primitive/1.0/primitive-1.0.jar:/home/rgmacedo/.m2/repository/com/github/rholder/snowball-stemmer/1.3.0.581.1/snowball-stemmer-1.3.0.581.1.jar:/home/rgmacedo/.m2/repository/com/googlecode/concurrent-trees/concurrent-trees/2.4.0/concurrent-trees-2.4.0.jar:/home/rgmacedo/.m2/repository/net/java/dev/jna/jna/4.0.0/jna-4.0.0.jar:/home/rgmacedo/.m2/repository/com/github/jbellis/jamm/0.3.0/jamm-0.3.0.jar:/home/rgmacedo/.m2/repository/joda-time/joda-time/2.4/joda-time-2.4.jar:/home/rgmacedo/.m2/repository/org/fusesource/sigar/1.6.4/sigar-1.6.4.jar:/home/rgmacedo/.m2/repository/org/eclipse/jdt/core/compiler/ecj/4.4.2/ecj-4.4.2.jar:/home/rgmacedo/.m2/repository/org/caffinitas/ohc/ohc-core/0.4.2/ohc-core-0.4.2.jar:/home/rgmacedo/.m2/repository/org/apache/commons/commons-lang3/3.4/commons-lang3-3.4.jar:/home/rgmacedo/.m2/repository/org/hamcrest/hamcrest-core/1.3/hamcrest-core-1.3.jar:/home/rgmacedo/.m2/repository/org/hamcrest/hamcrest-library/1.3/hamcrest-library-1.3.jar:/home/rgmacedo/.m2/repository/org/slf4j/slf4j-api/1.6.4/slf4j-api-1.6.4.jar:/home/rgmacedo/.m2/repository/org/slf4j/slf4j-simple/1.7.21/slf4j-simple-1.7.21.jar:/home/rgmacedo/.m2/repository/junit/junit/4.12/junit-4.12.jar:"/>
    <property name="sun.nio.ch.bugLevel" value=""/>
    <property name="java.specification.name" value="Java Platform API Specification"/>
    <property name="java.class.version" value="52.0"/>
    <property name="sun.management.compiler" value="HotSpot 64-Bit Tiered Compilers"/>
    <property name="os.version" value="4.4.0-31-generic"/>
    <property name="user.home" value="/home/rgmacedo"/>
    <property name="user.timezone" value="Europe/Lisbon"/>
    <property name="java.awt.printerjob" value="sun.print.PSPrinterJob"/>
    <property name="java.specification.version" value="1.8"/>
    <property name="file.encoding" value="UTF-8"/>
    <property name="user.name" value="rgmacedo"/>
    <property name="java.class.path" value="/home/rgmacedo/Dropbox/Master_Thesis/Sample_Code/YCSB/cassandra/target/test-classes:/home/rgmacedo/Dropbox/Master_Thesis/Sample_Code/YCSB/cassandra/target/classes:/home/rgmacedo/.m2/repository/com/datastax/cassandra/cassandra-driver-core/3.0.0/cassandra-driver-core-3.0.0.jar:/home/rgmacedo/.m2/repository/io/netty/netty-handler/4.0.33.Final/netty-handler-4.0.33.Final.jar:/home/rgmacedo/.m2/repository/io/netty/netty-buffer/4.0.33.Final/netty-buffer-4.0.33.Final.jar:/home/rgmacedo/.m2/repository/io/netty/netty-common/4.0.33.Final/netty-common-4.0.33.Final.jar:/home/rgmacedo/.m2/repository/io/netty/netty-transport/4.0.33.Final/netty-transport-4.0.33.Final.jar:/home/rgmacedo/.m2/repository/io/netty/netty-codec/4.0.33.Final/netty-codec-4.0.33.Final.jar:/home/rgmacedo/.m2/repository/com/google/guava/guava/16.0.1/guava-16.0.1.jar:/home/rgmacedo/.m2/repository/io/dropwizard/metrics/metrics-core/3.1.2/metrics-core-3.1.2.jar:/home/rgmacedo/Dropbox/Master_Thesis/Sample_Code/YCSB/core/target/core-0.12.0-SNAPSHOT.jar:/home/rgmacedo/.m2/repository/org/apache/htrace/htrace-core4/4.1.0-incubating/htrace-core4-4.1.0-incubating.jar:/home/rgmacedo/.m2/repository/org/codehaus/jackson/jackson-mapper-asl/1.9.4/jackson-mapper-asl-1.9.4.jar:/home/rgmacedo/.m2/repository/org/codehaus/jackson/jackson-core-asl/1.9.4/jackson-core-asl-1.9.4.jar:/home/rgmacedo/.m2/repository/org/hdrhistogram/HdrHistogram/2.1.4/HdrHistogram-2.1.4.jar:/home/rgmacedo/.m2/repository/org/cassandraunit/cassandra-unit/3.0.0.1/cassandra-unit-3.0.0.1-shaded.jar:/home/rgmacedo/.m2/repository/org/apache/cassandra/cassandra-all/3.4/cassandra-all-3.4.jar:/home/rgmacedo/.m2/repository/org/xerial/snappy/snappy-java/1.1.1.7/snappy-java-1.1.1.7.jar:/home/rgmacedo/.m2/repository/net/jpountz/lz4/lz4/1.3.0/lz4-1.3.0.jar:/home/rgmacedo/.m2/repository/com/ning/compress-lzf/0.8.4/compress-lzf-0.8.4.jar:/home/rgmacedo/.m2/repository/commons-cli/commons-cli/1.1/commons-cli-1.1.jar:/home/rgmacedo/.m2/repository/commons-codec/commons-codec/1.2/commons-codec-1.2.jar:/home/rgmacedo/.m2/repository/org/apache/commons/commons-math3/3.2/commons-math3-3.2.jar:/home/rgmacedo/.m2/repository/com/googlecode/concurrentlinkedhashmap/concurrentlinkedhashmap-lru/1.4/concurrentlinkedhashmap-lru-1.4.jar:/home/rgmacedo/.m2/repository/org/antlr/antlr/3.5.2/antlr-3.5.2.jar:/home/rgmacedo/.m2/repository/org/antlr/ST4/4.0.8/ST4-4.0.8.jar:/home/rgmacedo/.m2/repository/org/antlr/antlr-runtime/3.5.2/antlr-runtime-3.5.2.jar:/home/rgmacedo/.m2/repository/org/slf4j/jcl-over-slf4j/1.7.7/jcl-over-slf4j-1.7.7.jar:/home/rgmacedo/.m2/repository/com/googlecode/json-simple/json-simple/1.1/json-simple-1.1.jar:/home/rgmacedo/.m2/repository/com/boundary/high-scale-lib/1.0.6/high-scale-lib-1.0.6.jar:/home/rgmacedo/.m2/repository/org/yaml/snakeyaml/1.11/snakeyaml-1.11.jar:/home/rgmacedo/.m2/repository/org/mindrot/jbcrypt/0.3m/jbcrypt-0.3m.jar:/home/rgmacedo/.m2/repository/com/addthis/metrics/reporter-config3/3.0.0/reporter-config3-3.0.0.jar:/home/rgmacedo/.m2/repository/com/addthis/metrics/reporter-config-base/3.0.0/reporter-config-base-3.0.0.jar:/home/rgmacedo/.m2/repository/com/thinkaurelius/thrift/thrift-server/0.3.7/thrift-server-0.3.7.jar:/home/rgmacedo/.m2/repository/com/lmax/disruptor/3.0.1/disruptor-3.0.1.jar:/home/rgmacedo/.m2/repository/com/clearspring/analytics/stream/2.5.2/stream-2.5.2.jar:/home/rgmacedo/.m2/repository/it/unimi/dsi/fastutil/6.5.7/fastutil-6.5.7.jar:/home/rgmacedo/.m2/repository/org/apache/thrift/libthrift/0.9.2/libthrift-0.9.2.jar:/home/rgmacedo/.m2/repository/org/apache/cassandra/cassandra-thrift/3.4/cassandra-thrift-3.4.jar:/home/rgmacedo/.m2/repository/com/carrotsearch/hppc/0.5.4/hppc-0.5.4.jar:/home/rgmacedo/.m2/repository/de/jflex/jflex/1.6.0/jflex-1.6.0.jar:/home/rgmacedo/.m2/repository/org/apache/ant/ant/1.7.0/ant-1.7.0.jar:/home/rgmacedo/.m2/repository/org/apache/ant/ant-launcher/1.7.0/ant-launcher-1.7.0.jar:/home/rgmacedo/.m2/repository/net/mintern/primitive/1.0/primitive-1.0.jar:/home/rgmacedo/.m2/repository/com/github/rholder/snowball-stemmer/1.3.0.581.1/snowball-stemmer-1.3.0.581.1.jar:/home/rgmacedo/.m2/repository/com/googlecode/concurrent-trees/concurrent-trees/2.4.0/concurrent-trees-2.4.0.jar:/home/rgmacedo/.m2/repository/net/java/dev/jna/jna/4.0.0/jna-4.0.0.jar:/home/rgmacedo/.m2/repository/com/github/jbellis/jamm/0.3.0/jamm-0.3.0.jar:/home/rgmacedo/.m2/repository/joda-time/joda-time/2.4/joda-time-2.4.jar:/home/rgmacedo/.m2/repository/org/fusesource/sigar/1.6.4/sigar-1.6.4.jar:/home/rgmacedo/.m2/repository/org/eclipse/jdt/core/compiler/ecj/4.4.2/ecj-4.4.2.jar:/home/rgmacedo/.m2/repository/org/caffinitas/ohc/ohc-core/0.4.2/ohc-core-0.4.2.jar:/home/rgmacedo/.m2/repository/org/apache/commons/commons-lang3/3.4/commons-lang3-3.4.jar:/home/rgmacedo/.m2/repository/org/hamcrest/hamcrest-core/1.3/hamcrest-core-1.3.jar:/home/rgmacedo/.m2/repository/org/hamcrest/hamcrest-library/1.3/hamcrest-library-1.3.jar:/home/rgmacedo/.m2/repository/org/slf4j/slf4j-api/1.6.4/slf4j-api-1.6.4.jar:/home/rgmacedo/.m2/repository/org/slf4j/slf4j-simple/1.7.21/slf4j-simple-1.7.21.jar:/home/rgmacedo/.m2/repository/junit/junit/4.12/junit-4.12.jar:"/>
    <property name="java.vm.specification.version" value="1.8"/>
    <property name="sun.arch.data.model" value="64"/>
    <property name="java.home" value="/usr/lib/jvm/java-8-oracle/jre"/>
    <property name="sun.java.command" value="/home/rgmacedo/Dropbox/Master_Thesis/Sample_Code/YCSB/cassandra/target/surefire/surefirebooter732618536797344319.jar /home/rgmacedo/Dropbox/Master_Thesis/Sample_Code/YCSB/cassandra/target/surefire/surefire9150849388131104455tmp /home/rgmacedo/Dropbox/Master_Thesis/Sample_Code/YCSB/cassandra/target/surefire/surefire543908688323336866tmp"/>
    <property name="java.specification.vendor" value="Oracle Corporation"/>
    <property name="user.language" value="en"/>
    <property name="awt.toolkit" value="sun.awt.X11.XToolkit"/>
    <property name="java.vm.info" value="mixed mode"/>
    <property name="java.version" value="1.8.0_101"/>
    <property name="java.ext.dirs" value="/usr/lib/jvm/java-8-oracle/jre/lib/ext:/usr/java/packages/lib/ext"/>
    <property name="sun.boot.class.path" value="/usr/lib/jvm/java-8-oracle/jre/lib/resources.jar:/usr/lib/jvm/java-8-oracle/jre/lib/rt.jar:/usr/lib/jvm/java-8-oracle/jre/lib/sunrsasign.jar:/usr/lib/jvm/java-8-oracle/jre/lib/jsse.jar:/usr/lib/jvm/java-8-oracle/jre/lib/jce.jar:/usr/lib/jvm/java-8-oracle/jre/lib/charsets.jar:/usr/lib/jvm/java-8-oracle/jre/lib/jfr.jar:/usr/lib/jvm/java-8-oracle/jre/classes"/>
    <property name="java.vendor" value="Oracle Corporation"/>
    <property name="localRepository" value="/home/rgmacedo/.m2/repository"/>
    <property name="file.separator" value="/"/>
    <property name="java.vendor.url.bug" value="http://bugreport.sun.com/bugreport/"/>
    <property name="sun.cpu.endian" value="little"/>
    <property name="sun.io.unicode.encoding" value="UnicodeLittle"/>
    <property name="cassandra-foreground" value="true"/>
    <property name="sun.desktop" value="gnome"/>
    <property name="sun.cpu.isalist" value=""/>
    <property name="cassandra.config" value="file:/home/rgmacedo/Dropbox/Master_Thesis/Sample_Code/YCSB/cassandra/target/embeddedCassandra/cu-cassandra.yaml"/>
  </properties>
  <testcase classname="com.yahoo.ycsb.db.CassandraCQLClientTest" name="testRead" time="10.042"/>
  <testcase classname="com.yahoo.ycsb.db.CassandraCQLClientTest" name="testReadSingleColumn" time="5.022"/>
  <testcase classname="com.yahoo.ycsb.db.CassandraCQLClientTest" name="testReadMissingRow" time="6.819"/>
  <testcase classname="com.yahoo.ycsb.db.CassandraCQLClientTest" name="testUpdate" time="10.127"/>
</testsuite>