<?xml version="1.0" encoding="UTF-8" ?>
<testsuite failures="0" time="0.419" errors="0" skipped="0" tests="1" name="com.yahoo.ycsb.TestByteIterator">
  <properties>
    <property name="java.runtime.name" value="OpenJDK Runtime Environment"/>
    <property name="sun.boot.library.path" value="/usr/lib/jvm/java-6-openjdk-i386/jre/lib/i386"/>
    <property name="java.vm.version" value="20.0-b12"/>
    <property name="java.vm.vendor" value="Sun Microsystems Inc."/>
    <property name="java.vendor.url" value="http://java.sun.com/"/>
    <property name="path.separator" value=":"/>
    <property name="java.vm.name" value="OpenJDK Client VM"/>
    <property name="file.encoding.pkg" value="sun.io"/>
    <property name="user.country" value="US"/>
    <property name="sun.java.launcher" value="SUN_STANDARD"/>
    <property name="sun.os.patch.level" value="unknown"/>
    <property name="java.vm.specification.name" value="Java Virtual Machine Specification"/>
    <property name="user.dir" value="/home/liuchang/YCSB/core"/>
    <property name="java.runtime.version" value="1.6.0_27-b27"/>
    <property name="java.awt.graphicsenv" value="sun.awt.X11GraphicsEnvironment"/>
    <property name="java.endorsed.dirs" value="/usr/lib/jvm/java-6-openjdk-i386/jre/lib/endorsed"/>
    <property name="os.arch" value="i386"/>
    <property name="java.io.tmpdir" value="/tmp"/>
    <property name="line.separator" value="
"/>
    <property name="java.vm.specification.vendor" value="Sun Microsystems Inc."/>
    <property name="os.name" value="Linux"/>
    <property name="classworlds.conf" value="/usr/share/maven2/bin/m2.conf"/>
    <property name="sun.jnu.encoding" value="UTF-8"/>
    <property name="java.library.path" value="/usr/lib/jvm/java-6-openjdk-i386/jre/lib/i386/client:/usr/lib/jvm/java-6-openjdk-i386/jre/lib/i386:/usr/lib/jvm/java-6-openjdk-i386/jre/../lib/i386:/usr/java/packages/lib/i386:/usr/lib/i386-linux-gnu/jni:/lib/i386-linux-gnu:/usr/lib/i386-linux-gnu:/usr/lib/jni:/lib:/usr/lib"/>
    <property name="java.specification.name" value="Java Platform API Specification"/>
    <property name="java.class.version" value="50.0"/>
    <property name="sun.management.compiler" value="HotSpot Client Compiler"/>
    <property name="os.version" value="3.11.0-12-generic"/>
    <property name="user.home" value="/home/liuchang"/>
    <property name="user.timezone" value="Asia/Shanghai"/>
    <property name="java.awt.printerjob" value="sun.print.PSPrinterJob"/>
    <property name="file.encoding" value="UTF-8"/>
    <property name="java.specification.version" value="1.6"/>
    <property name="user.name" value="liuchang"/>
    <property name="java.class.path" value="/usr/share/maven2/boot/classworlds.jar"/>
    <property name="java.vm.specification.version" value="1.0"/>
    <property name="sun.arch.data.model" value="32"/>
    <property name="java.home" value="/usr/lib/jvm/java-6-openjdk-i386/jre"/>
    <property name="sun.java.command" value="org.codehaus.classworlds.Launcher &quot;clean&quot; &quot;package&quot;"/>
    <property name="java.specification.vendor" value="Sun Microsystems Inc."/>
    <property name="user.language" value="en"/>
    <property name="java.vm.info" value="mixed mode, sharing"/>
    <property name="java.version" value="1.6.0_27"/>
    <property name="java.ext.dirs" value="/usr/lib/jvm/java-6-openjdk-i386/jre/lib/ext:/usr/java/packages/lib/ext"/>
    <property name="securerandom.source" value="file:/dev/./urandom"/>
    <property name="sun.boot.class.path" value="/usr/lib/jvm/java-6-openjdk-i386/jre/lib/resources.jar:/usr/lib/jvm/java-6-openjdk-i386/jre/lib/rt.jar:/usr/lib/jvm/java-6-openjdk-i386/jre/lib/sunrsasign.jar:/usr/lib/jvm/java-6-openjdk-i386/jre/lib/jsse.jar:/usr/lib/jvm/java-6-openjdk-i386/jre/lib/jce.jar:/usr/lib/jvm/java-6-openjdk-i386/jre/lib/charsets.jar:/usr/lib/jvm/java-6-openjdk-i386/jre/lib/netx.jar:/usr/lib/jvm/java-6-openjdk-i386/jre/lib/plugin.jar:/usr/lib/jvm/java-6-openjdk-i386/jre/lib/rhino.jar:/usr/lib/jvm/java-6-openjdk-i386/jre/lib/modules/jdk.boot.jar:/usr/lib/jvm/java-6-openjdk-i386/jre/classes"/>
    <property name="java.vendor" value="Sun Microsystems Inc."/>
    <property name="maven.home" value="/usr/share/maven2"/>
    <property name="file.separator" value="/"/>
    <property name="java.vendor.url.bug" value="http://java.sun.com/cgi-bin/bugreport.cgi"/>
    <property name="sun.cpu.endian" value="little"/>
    <property name="sun.io.unicode.encoding" value="UnicodeLittle"/>
    <property name="sun.cpu.isalist" value=""/>
  </properties>
  <testcase time="0.014" classname="com.yahoo.ycsb.TestByteIterator" name="testRandomByteIterator"/>
</testsuite>