<?xml version="1.0" encoding="UTF-8"?>
<testsuite name="TestSuite" time="0.924" tests="23" errors="0" skipped="0" failures="0">
  <properties>
    <property name="java.runtime.name" value="Java(TM) SE Runtime Environment"/>
    <property name="sun.boot.library.path" value="/usr/lib/jvm/java-8-oracle/jre/lib/amd64"/>
    <property name="java.vm.version" value="25.101-b13"/>
    <property name="java.vm.vendor" value="Oracle Corporation"/>
    <property name="maven.multiModuleProjectDirectory" value="/home/rgmacedo/Dropbox/Master_Thesis/Sample_Code/YCSB"/>
    <property name="java.vendor.url" value="http://java.oracle.com/"/>
    <property name="path.separator" value=":"/>
    <property name="guice.disable.misplaced.annotation.check" value="true"/>
    <property name="java.vm.name" value="Java HotSpot(TM) 64-Bit Server VM"/>
    <property name="file.encoding.pkg" value="sun.io"/>
    <property name="user.country" value="US"/>
    <property name="sun.java.launcher" value="SUN_STANDARD"/>
    <property name="sun.os.patch.level" value="unknown"/>
    <property name="java.vm.specification.name" value="Java Virtual Machine Specification"/>
    <property name="user.dir" value="/home/rgmacedo/Dropbox/Master_Thesis/Sample_Code/YCSB"/>
    <property name="java.runtime.version" value="1.8.0_101-b13"/>
    <property name="java.awt.graphicsenv" value="sun.awt.X11GraphicsEnvironment"/>
    <property name="java.endorsed.dirs" value="/usr/lib/jvm/java-8-oracle/jre/lib/endorsed"/>
    <property name="os.arch" value="amd64"/>
    <property name="java.io.tmpdir" value="/tmp"/>
    <property name="line.separator" value="&#10;"/>
    <property name="java.vm.specification.vendor" value="Oracle Corporation"/>
    <property name="os.name" value="Linux"/>
    <property name="classworlds.conf" value="/usr/share/maven/bin/m2.conf"/>
    <property name="sun.jnu.encoding" value="UTF-8"/>
    <property name="java.library.path" value="/usr/java/packages/lib/amd64:/usr/lib64:/lib64:/lib:/usr/lib"/>
    <property name="java.specification.name" value="Java Platform API Specification"/>
    <property name="java.class.version" value="52.0"/>
    <property name="sun.management.compiler" value="HotSpot 64-Bit Tiered Compilers"/>
    <property name="os.version" value="4.4.0-31-generic"/>
    <property name="user.home" value="/home/rgmacedo"/>
    <property name="user.timezone" value="Europe/Lisbon"/>
    <property name="java.awt.printerjob" value="sun.print.PSPrinterJob"/>
    <property name="file.encoding" value="UTF-8"/>
    <property name="java.specification.version" value="1.8"/>
    <property name="user.name" value="rgmacedo"/>
    <property name="java.class.path" value="/usr/share/maven/boot/plexus-classworlds-2.x.jar"/>
    <property name="java.vm.specification.version" value="1.8"/>
    <property name="sun.arch.data.model" value="64"/>
    <property name="java.home" value="/usr/lib/jvm/java-8-oracle/jre"/>
    <property name="sun.java.command" value="org.codehaus.plexus.classworlds.launcher.Launcher clean package"/>
    <property name="java.specification.vendor" value="Oracle Corporation"/>
    <property name="user.language" value="en"/>
    <property name="awt.toolkit" value="sun.awt.X11.XToolkit"/>
    <property name="java.vm.info" value="mixed mode"/>
    <property name="java.version" value="1.8.0_101"/>
    <property name="java.ext.dirs" value="/usr/lib/jvm/java-8-oracle/jre/lib/ext:/usr/java/packages/lib/ext"/>
    <property name="securerandom.source" value="file:/dev/./urandom"/>
    <property name="sun.boot.class.path" value="/usr/lib/jvm/java-8-oracle/jre/lib/resources.jar:/usr/lib/jvm/java-8-oracle/jre/lib/rt.jar:/usr/lib/jvm/java-8-oracle/jre/lib/sunrsasign.jar:/usr/lib/jvm/java-8-oracle/jre/lib/jsse.jar:/usr/lib/jvm/java-8-oracle/jre/lib/jce.jar:/usr/lib/jvm/java-8-oracle/jre/lib/charsets.jar:/usr/lib/jvm/java-8-oracle/jre/lib/jfr.jar:/usr/lib/jvm/java-8-oracle/jre/classes"/>
    <property name="java.vendor" value="Oracle Corporation"/>
    <property name="maven.home" value="/usr/share/maven"/>
    <property name="file.separator" value="/"/>
    <property name="java.vendor.url.bug" value="http://bugreport.sun.com/bugreport/"/>
    <property name="sun.cpu.endian" value="little"/>
    <property name="sun.io.unicode.encoding" value="UnicodeLittle"/>
    <property name="sun.desktop" value="gnome"/>
    <property name="sun.cpu.isalist" value=""/>
  </properties>
  <testcase name="testRandomByteIterator" classname="com.yahoo.ycsb.TestByteIterator" time="0.063"/>
  <testcase name="testAcceptableStatus" classname="com.yahoo.ycsb.TestStatus" time="0.003"/>
  <testcase name="bytesToDoubleTooShort" classname="com.yahoo.ycsb.TestUtils" time="0"/>
  <testcase name="bytesToFromDouble" classname="com.yahoo.ycsb.TestUtils" time="0"/>
  <testcase name="bytesToFromLong" classname="com.yahoo.ycsb.TestUtils" time="0"/>
  <testcase name="bytesToLongNull" classname="com.yahoo.ycsb.TestUtils" time="0"/>
  <testcase name="bytesToLongTooShort" classname="com.yahoo.ycsb.TestUtils" time="0"/>
  <testcase name="jvmUtils" classname="com.yahoo.ycsb.TestUtils" time="0.002"/>
  <testcase name="testIncrementPastIntegerMaxValue" classname="com.yahoo.ycsb.generator.AcknowledgedCounterGeneratorTest" time="0.648"/>
  <testcase name="invalidCharacterSets" classname="com.yahoo.ycsb.generator.TestIncrementingPrintableStringGenerator" time="0.001"/>
  <testcase name="invalidLengths" classname="com.yahoo.ycsb.generator.TestIncrementingPrintableStringGenerator" time="0"/>
  <testcase name="rolloverException" classname="com.yahoo.ycsb.generator.TestIncrementingPrintableStringGenerator" time="0"/>
  <testcase name="rolloverOK" classname="com.yahoo.ycsb.generator.TestIncrementingPrintableStringGenerator" time="0"/>
  <testcase name="rolloverOneCharacterException" classname="com.yahoo.ycsb.generator.TestIncrementingPrintableStringGenerator" time="0"/>
  <testcase name="rolloverOneCharacterOK" classname="com.yahoo.ycsb.generator.TestIncrementingPrintableStringGenerator" time="0"/>
  <testcase name="ctorWithIntervalAndUnits" classname="com.yahoo.ycsb.generator.TestUnixEpochTimestampGenerator" time="0.001"/>
  <testcase name="ctorWithIntervalAndUnitsAndStart" classname="com.yahoo.ycsb.generator.TestUnixEpochTimestampGenerator" time="0"/>
  <testcase name="defaultCtor" classname="com.yahoo.ycsb.generator.TestUnixEpochTimestampGenerator" time="0"/>
  <testcase name="variousIntervalsAndUnits" classname="com.yahoo.ycsb.generator.TestUnixEpochTimestampGenerator" time="0"/>
  <testcase name="testMinAndMaxParameter" classname="com.yahoo.ycsb.generator.TestZipfianGenerator" time="0.006"/>
  <testcase name="testJSONArrayMeasurementsExporter" classname="com.yahoo.ycsb.measurements.exporter.TestMeasurementsExporter" time="0.196"/>
  <testcase name="createOperationChooser" classname="com.yahoo.ycsb.workloads.TestCoreWorkload" time="0.004"/>
  <testcase name="createOperationChooserNullProperties" classname="com.yahoo.ycsb.workloads.TestCoreWorkload" time="0"/>
</testsuite>